project conclude/OSS-Project-main/OSS-Project-main/OSS-project_app/app/build/intermediates/manifest_merge_blame_file/debug/manifest-merger-blame-debug-report.txt
1<?xml version="1.0" encoding="utf-8"?>
2<manifest xmlns:android="http://schemas.android.com/apk/res/android"
3    package="com.example.practice_app"
4    android:versionCode="1"
5    android:versionName="1.0" >
6
7    <uses-sdk
8        android:minSdkVersion="21"
8-->src\main\AndroidManifest.xml
9        android:targetSdkVersion="32" />
9-->src\main\AndroidManifest.xml
10
11    <application
11-->src\main\AndroidManifest.xml:5:5-189:19
12        android:allowBackup="true"
12-->src\main\AndroidManifest.xml:6:9-35
13        android:appComponentFactory="androidx.core.app.CoreComponentFactory"
13-->[androidx.core:core:1.7.0] AndroidManifest.xml:24:18-86
14        android:debuggable="true"
15        android:icon="@mipmap/ic_launcher"
15-->src\main\AndroidManifest.xml:7:9-43
16        android:label="@string/app_name"
16-->src\main\AndroidManifest.xml:8:9-41
17        android:roundIcon="@mipmap/ic_launcher_round"
17-->src\main\AndroidManifest.xml:9:9-54
18        android:supportsRtl="true"
18-->src\main\AndroidManifest.xml:10:9-35
19        android:testOnly="true"
20        android:theme="@style/Theme.AppCompat.NoActionBar" >
20-->src\main\AndroidManifest.xml:11:9-59
21        <activity
21-->src\main\AndroidManifest.xml:13:9-21:20
22            android:name="com.example.practice_app.MainActivity"
22-->src\main\AndroidManifest.xml:14:13-41
23            android:exported="true" >
23-->src\main\AndroidManifest.xml:15:13-36
24            <intent-filter>
24-->src\main\AndroidManifest.xml:16:13-20:29
25                <action android:name="android.intent.action.MAIN" />
25-->src\main\AndroidManifest.xml:17:17-69
25-->src\main\AndroidManifest.xml:17:25-66
26
27                <category android:name="android.intent.category.LAUNCHER" />
27-->src\main\AndroidManifest.xml:19:17-77
27-->src\main\AndroidManifest.xml:19:27-74
28            </intent-filter>
29        </activity>
30        <activity
30-->src\main\AndroidManifest.xml:23:9-27:20
31            android:name="com.example.practice_app.testActivity"
31-->src\main\AndroidManifest.xml:24:13-41
32            android:exported="true" >
32-->src\main\AndroidManifest.xml:25:13-36
33        </activity>
34        <activity
34-->src\main\AndroidManifest.xml:29:9-32:20
35            android:name="com.example.practice_app.istj_des"
35-->src\main\AndroidManifest.xml:30:13-37
36            android:exported="true" >
36-->src\main\AndroidManifest.xml:31:13-36
37        </activity>
38        <activity
38-->src\main\AndroidManifest.xml:34:9-37:20
39            android:name="com.example.practice_app.istp_des"
39-->src\main\AndroidManifest.xml:35:13-37
40            android:exported="true" >
40-->src\main\AndroidManifest.xml:36:13-36
41        </activity>
42        <activity
42-->src\main\AndroidManifest.xml:39:9-42:20
43            android:name="com.example.practice_app.estj_des"
43-->src\main\AndroidManifest.xml:40:13-37
44            android:exported="true" >
44-->src\main\AndroidManifest.xml:41:13-36
45        </activity>
46        <activity
46-->src\main\AndroidManifest.xml:44:9-47:20
47            android:name="com.example.practice_app.estp_des"
47-->src\main\AndroidManifest.xml:45:13-37
48            android:exported="true" >
48-->src\main\AndroidManifest.xml:46:13-36
49        </activity>
50        <activity
50-->src\main\AndroidManifest.xml:49:9-52:20
51            android:name="com.example.practice_app.isfj_des"
51-->src\main\AndroidManifest.xml:50:13-37
52            android:exported="true" >
52-->src\main\AndroidManifest.xml:51:13-36
53        </activity>
54        <activity
54-->src\main\AndroidManifest.xml:54:9-57:20
55            android:name="com.example.practice_app.isfp_des"
55-->src\main\AndroidManifest.xml:55:13-37
56            android:exported="true" >
56-->src\main\AndroidManifest.xml:56:13-36
57        </activity>
58        <activity
58-->src\main\AndroidManifest.xml:59:9-62:20
59            android:name="com.example.practice_app.esfj_des"
59-->src\main\AndroidManifest.xml:60:13-37
60            android:exported="true" >
60-->src\main\AndroidManifest.xml:61:13-36
61        </activity>
62        <activity
62-->src\main\AndroidManifest.xml:64:9-67:20
63            android:name="com.example.practice_app.esfp_des"
63-->src\main\AndroidManifest.xml:65:13-37
64            android:exported="true" >
64-->src\main\AndroidManifest.xml:66:13-36
65        </activity>
66        <activity
66-->src\main\AndroidManifest.xml:69:9-72:20
67            android:name="com.example.practice_app.infj_des"
67-->src\main\AndroidManifest.xml:70:13-37
68            android:exported="true" >
68-->src\main\AndroidManifest.xml:71:13-36
69        </activity>
70        <activity
70-->src\main\AndroidManifest.xml:74:9-77:20
71            android:name="com.example.practice_app.infp_des"
71-->src\main\AndroidManifest.xml:75:13-37
72            android:exported="true" >
72-->src\main\AndroidManifest.xml:76:13-36
73        </activity>
74        <activity
74-->src\main\AndroidManifest.xml:79:9-82:20
75            android:name="com.example.practice_app.enfj_des"
75-->src\main\AndroidManifest.xml:80:13-37
76            android:exported="true" >
76-->src\main\AndroidManifest.xml:81:13-36
77        </activity>
78        <activity
78-->src\main\AndroidManifest.xml:84:9-87:20
79            android:name="com.example.practice_app.enfp_des"
79-->src\main\AndroidManifest.xml:85:13-37
80            android:exported="true" >
80-->src\main\AndroidManifest.xml:86:13-36
81        </activity>
82        <activity
82-->src\main\AndroidManifest.xml:89:9-92:20
83            android:name="com.example.practice_app.intj_des"
83-->src\main\AndroidManifest.xml:90:13-37
84            android:exported="true" >
84-->src\main\AndroidManifest.xml:91:13-36
85        </activity>
86        <activity
86-->src\main\AndroidManifest.xml:94:9-97:20
87            android:name="com.example.practice_app.intp_des"
87-->src\main\AndroidManifest.xml:95:13-37
88            android:exported="true" >
88-->src\main\AndroidManifest.xml:96:13-36
89        </activity>
90        <activity
90-->src\main\AndroidManifest.xml:99:9-102:20
91            android:name="com.example.practice_app.entj_des"
91-->src\main\AndroidManifest.xml:100:13-37
92            android:exported="true" >
92-->src\main\AndroidManifest.xml:101:13-36
93        </activity>
94        <activity
94-->src\main\AndroidManifest.xml:104:9-107:20
95            android:name="com.example.practice_app.entp_des"
95-->src\main\AndroidManifest.xml:105:13-37
96            android:exported="true" >
96-->src\main\AndroidManifest.xml:106:13-36
97        </activity>
98        <activity
98-->src\main\AndroidManifest.xml:109:9-112:20
99            android:name="com.example.practice_app.istj_res"
99-->src\main\AndroidManifest.xml:110:13-37
100            android:exported="true" >
100-->src\main\AndroidManifest.xml:111:13-36
101        </activity>
102        <activity
102-->src\main\AndroidManifest.xml:114:9-117:20
103            android:name="com.example.practice_app.istp_res"
103-->src\main\AndroidManifest.xml:115:13-37
104            android:exported="true" >
104-->src\main\AndroidManifest.xml:116:13-36
105        </activity>
106        <activity
106-->src\main\AndroidManifest.xml:119:9-122:20
107            android:name="com.example.practice_app.estj_res"
107-->src\main\AndroidManifest.xml:120:13-37
108            android:exported="true" >
108-->src\main\AndroidManifest.xml:121:13-36
109        </activity>
110        <activity
110-->src\main\AndroidManifest.xml:124:9-127:20
111            android:name="com.example.practice_app.estp_res"
111-->src\main\AndroidManifest.xml:125:13-37
112            android:exported="true" >
112-->src\main\AndroidManifest.xml:126:13-36
113        </activity>
114        <activity
114-->src\main\AndroidManifest.xml:129:9-132:20
115            android:name="com.example.practice_app.isfj_res"
115-->src\main\AndroidManifest.xml:130:13-37
116            android:exported="true" >
116-->src\main\AndroidManifest.xml:131:13-36
117        </activity>
118        <activity
118-->src\main\AndroidManifest.xml:134:9-137:20
119            android:name="com.example.practice_app.isfp_res"
119-->src\main\AndroidManifest.xml:135:13-37
120            android:exported="true" >
120-->src\main\AndroidManifest.xml:136:13-36
121        </activity>
122        <activity
122-->src\main\AndroidManifest.xml:139:9-142:20
123            android:name="com.example.practice_app.esfj_res"
123-->src\main\AndroidManifest.xml:140:13-37
124            android:exported="true" >
124-->src\main\AndroidManifest.xml:141:13-36
125        </activity>
126        <activity
126-->src\main\AndroidManifest.xml:144:9-147:20
127            android:name="com.example.practice_app.esfp_res"
127-->src\main\AndroidManifest.xml:145:13-37
128            android:exported="true" >
128-->src\main\AndroidManifest.xml:146:13-36
129        </activity>
130        <activity
130-->src\main\AndroidManifest.xml:149:9-152:20
131            android:name="com.example.practice_app.infj_res"
131-->src\main\AndroidManifest.xml:150:13-37
132            android:exported="true" >
132-->src\main\AndroidManifest.xml:151:13-36
133        </activity>
134        <activity
134-->src\main\AndroidManifest.xml:154:9-157:20
135            android:name="com.example.practice_app.infp_res"
135-->src\main\AndroidManifest.xml:155:13-37
136            android:exported="true" >
136-->src\main\AndroidManifest.xml:156:13-36
137        </activity>
138        <activity
138-->src\main\AndroidManifest.xml:159:9-162:20
139            android:name="com.example.practice_app.enfj_res"
139-->src\main\AndroidManifest.xml:160:13-37
140            android:exported="true" >
140-->src\main\AndroidManifest.xml:161:13-36
141        </activity>
142        <activity
142-->src\main\AndroidManifest.xml:164:9-167:20
143            android:name="com.example.practice_app.enfp_res"
143-->src\main\AndroidManifest.xml:165:13-37
144            android:exported="true" >
144-->src\main\AndroidManifest.xml:166:13-36
145        </activity>
146        <activity
146-->src\main\AndroidManifest.xml:169:9-172:20
147            android:name="com.example.practice_app.intj_res"
147-->src\main\AndroidManifest.xml:170:13-37
148            android:exported="true" >
148-->src\main\AndroidManifest.xml:171:13-36
149        </activity>
150        <activity
150-->src\main\AndroidManifest.xml:174:9-177:20
151            android:name="com.example.practice_app.intp_res"
151-->src\main\AndroidManifest.xml:175:13-37
152            android:exported="true" >
152-->src\main\AndroidManifest.xml:176:13-36
153        </activity>
154        <activity
154-->src\main\AndroidManifest.xml:179:9-182:20
155            android:name="com.example.practice_app.entj_res"
155-->src\main\AndroidManifest.xml:180:13-37
156            android:exported="true" >
156-->src\main\AndroidManifest.xml:181:13-36
157        </activity>
158        <activity
158-->src\main\AndroidManifest.xml:184:9-187:20
159            android:name="com.example.practice_app.entp_res"
159-->src\main\AndroidManifest.xml:185:13-37
160            android:exported="true" >
160-->src\main\AndroidManifest.xml:186:13-36
161        </activity>
162
163        <provider
163-->[androidx.emoji2:emoji2:1.0.0] AndroidManifest.xml:26:9-34:20
164            android:name="androidx.startup.InitializationProvider"
164-->[androidx.emoji2:emoji2:1.0.0] AndroidManifest.xml:27:13-67
165            android:authorities="com.example.practice_app.androidx-startup"
165-->[androidx.emoji2:emoji2:1.0.0] AndroidManifest.xml:28:13-68
166            android:exported="false" >
166-->[androidx.emoji2:emoji2:1.0.0] AndroidManifest.xml:29:13-37
167            <meta-data
167-->[androidx.emoji2:emoji2:1.0.0] AndroidManifest.xml:31:13-33:52
168                android:name="androidx.emoji2.text.EmojiCompatInitializer"
168-->[androidx.emoji2:emoji2:1.0.0] AndroidManifest.xml:32:17-75
169                android:value="androidx.startup" />
169-->[androidx.emoji2:emoji2:1.0.0] AndroidManifest.xml:33:17-49
170            <meta-data
170-->[androidx.lifecycle:lifecycle-process:2.4.0] AndroidManifest.xml:31:13-33:52
171                android:name="androidx.lifecycle.ProcessLifecycleInitializer"
171-->[androidx.lifecycle:lifecycle-process:2.4.0] AndroidManifest.xml:32:17-78
172                android:value="androidx.startup" />
172-->[androidx.lifecycle:lifecycle-process:2.4.0] AndroidManifest.xml:33:17-49
173        </provider>
174    </application>
175
176</manifest>